0 info it worked if it ends with ok
1 verbose cli [ '/home/paulchap/.nvm/v0.8.28/bin/node',
1 verbose cli   '/home/paulchap/.nvm/v0.8.28/bin/npm',
1 verbose cli   'init',
1 verbose cli   'vue' ]
2 info using npm@1.2.30
3 info using node@v0.8.28
4 verbose read json /home/paulchap/VueJS/exoWarmup1/package.json
5 silly package data undefined
6 info init written successfully
7 error Error: canceled
7 error     at Interface.<anonymous> (/home/paulchap/.nvm/v0.8.28/lib/node_modules/npm/node_modules/read/lib/read.js:65:13)
7 error     at Interface.EventEmitter.emit (events.js:126:20)
7 error     at Interface._ttyWrite (readline.js:607:16)
7 error     at ReadStream.onkeypress (readline.js:97:10)
7 error     at ReadStream.EventEmitter.emit (events.js:126:20)
7 error     at emitKey (readline.js:1058:12)
7 error     at ReadStream.onData (readline.js:807:7)
7 error     at ReadStream.EventEmitter.emit (events.js:96:17)
7 error     at TTY.onread (net.js:397:14)
8 error If you need help, you may report this log at:
8 error     <http://github.com/isaacs/npm/issues>
8 error or email it to:
8 error     <npm-@googlegroups.com>
9 error System Linux 5.10.16.3-microsoft-standard-WSL2
10 error command "/home/paulchap/.nvm/v0.8.28/bin/node" "/home/paulchap/.nvm/v0.8.28/bin/npm" "init" "vue"
11 error cwd /home/paulchap/VueJS/exoWarmup1
12 error node -v v0.8.28
13 error npm -v 1.2.30
14 verbose exit [ 1, true ]
